  Building Custom Rule C:/Users/mateu/Documents/GitHub/Demos/2d_engine/source/phy_2d/source/CMakeLists.txt
  CMake does not need to re-run because C:\Users\mateu\Documents\GitHub\Demos\2d_engine\build\phy_2d\source\CMakeFiles\generate.stamp is up-to-date.
  Body_2d.cpp
  World.cpp
c:\users\mateu\documents\github\demos\2d_engine\source\tmap\source\src\Tileset.hpp(38): warning C4018: '>=': signed/unsigned mismatch
c:\users\mateu\documents\github\demos\2d_engine\source\tmap\source\src\Tileset.hpp(38): warning C4018: '<=': signed/unsigned mismatch
C:\Users\mateu\Documents\GitHub\Demos\2d_engine\source\tmap\source\src\Tile_map.hpp(22): warning C4099: 'Tile': type name first seen using 'struct' now seen using 'class'
  c:\users\mateu\documents\github\demos\2d_engine\source\tmap\source\src\Tile.hpp(5): note: see declaration of 'Tile'
C:\Users\mateu\Documents\GitHub\Demos\2d_engine\source\phy_2d\source\src\World.cpp(86): warning C4244: 'initializing': conversion from 'float' to 'int', possible loss of data
C:\Users\mateu\Documents\GitHub\Demos\2d_engine\source\phy_2d\source\src\World.cpp(87): warning C4244: 'initializing': conversion from 'float' to 'int', possible loss of data
C:\Users\mateu\Documents\GitHub\Demos\2d_engine\source\phy_2d\source\src\World.cpp(130): warning C4244: 'argument': conversion from 'float' to 'const int', possible loss of data
C:\Users\mateu\Documents\GitHub\Demos\2d_engine\source\phy_2d\source\src\World.cpp(154): warning C4244: 'initializing': conversion from 'float' to 'int', possible loss of data
C:\Users\mateu\Documents\GitHub\Demos\2d_engine\source\phy_2d\source\src\World.cpp(155): warning C4244: 'argument': conversion from 'float' to 'const int', possible loss of data
C:\Users\mateu\Documents\GitHub\Demos\2d_engine\source\phy_2d\source\src\World.cpp(158): warning C4244: 'argument': conversion from 'float' to 'const unsigned int', possible loss of data
C:\Users\mateu\Documents\GitHub\Demos\2d_engine\source\phy_2d\source\src\World.cpp(184): warning C4244: 'argument': conversion from 'float' to 'const int', possible loss of data
C:\Users\mateu\Documents\GitHub\Demos\2d_engine\source\phy_2d\source\src\World.cpp(227): warning C4244: 'initializing': conversion from 'float' to 'unsigned int', possible loss of data
C:\Users\mateu\Documents\GitHub\Demos\2d_engine\source\phy_2d\source\src\World.cpp(240): warning C4244: 'argument': conversion from 'float' to 'const int', possible loss of data
C:\Users\mateu\Documents\GitHub\Demos\2d_engine\source\phy_2d\source\src\World.cpp(246): warning C4244: '=': conversion from 'float' to 'unsigned int', possible loss of data
C:\Users\mateu\Documents\GitHub\Demos\2d_engine\source\phy_2d\source\src\World.cpp(247): warning C4244: '=': conversion from 'float' to 'unsigned int', possible loss of data
C:\Users\mateu\Documents\GitHub\Demos\2d_engine\source\phy_2d\source\src\World.cpp(275): warning C4244: 'argument': conversion from 'float' to 'const int', possible loss of data
C:\Users\mateu\Documents\GitHub\Demos\2d_engine\source\phy_2d\source\src\World.cpp(276): warning C4244: 'argument': conversion from 'float' to 'const int', possible loss of data
C:\Users\mateu\Documents\GitHub\Demos\2d_engine\source\phy_2d\source\src\World.cpp(323): warning C4244: 'initializing': conversion from 'float' to 'unsigned int', possible loss of data
C:\Users\mateu\Documents\GitHub\Demos\2d_engine\source\phy_2d\source\src\World.cpp(330): warning C4244: 'argument': conversion from 'float' to 'const int', possible loss of data
C:\Users\mateu\Documents\GitHub\Demos\2d_engine\source\phy_2d\source\src\World.cpp(335): warning C4244: '=': conversion from 'float' to 'unsigned int', possible loss of data
C:\Users\mateu\Documents\GitHub\Demos\2d_engine\source\phy_2d\source\src\World.cpp(336): warning C4244: '=': conversion from 'float' to 'unsigned int', possible loss of data
C:\Users\mateu\Documents\GitHub\Demos\2d_engine\source\phy_2d\source\src\World.cpp(365): warning C4244: 'argument': conversion from 'float' to 'const int', possible loss of data
C:\Users\mateu\Documents\GitHub\Demos\2d_engine\source\phy_2d\source\src\World.cpp(366): warning C4244: 'argument': conversion from 'float' to 'const int', possible loss of data
C:\Users\mateu\Documents\GitHub\Demos\2d_engine\source\phy_2d\source\src\World.cpp(412): warning C4244: 'initializing': conversion from 'float' to 'unsigned int', possible loss of data
C:\Users\mateu\Documents\GitHub\Demos\2d_engine\source\phy_2d\source\src\World.cpp(419): warning C4244: 'argument': conversion from 'float' to 'const int', possible loss of data
C:\Users\mateu\Documents\GitHub\Demos\2d_engine\source\phy_2d\source\src\World.cpp(424): warning C4244: '=': conversion from 'float' to 'unsigned int', possible loss of data
C:\Users\mateu\Documents\GitHub\Demos\2d_engine\source\phy_2d\source\src\World.cpp(425): warning C4244: '=': conversion from 'float' to 'unsigned int', possible loss of data
C:\Users\mateu\Documents\GitHub\Demos\2d_engine\source\phy_2d\source\src\World.cpp(490): warning C4244: 'initializing': conversion from 'float' to 'unsigned int', possible loss of data
C:\Users\mateu\Documents\GitHub\Demos\2d_engine\source\phy_2d\source\src\World.cpp(495): warning C4244: 'initializing': conversion from 'float' to 'unsigned int', possible loss of data
C:\Users\mateu\Documents\GitHub\Demos\2d_engine\source\phy_2d\source\src\World.cpp(497): warning C4244: 'initializing': conversion from 'float' to 'unsigned int', possible loss of data
  Physics_manager.cpp
c:\users\mateu\documents\github\demos\2d_engine\source\tmap\source\src\Tileset.hpp(38): warning C4018: '>=': signed/unsigned mismatch
c:\users\mateu\documents\github\demos\2d_engine\source\tmap\source\src\Tileset.hpp(38): warning C4018: '<=': signed/unsigned mismatch
C:\Users\mateu\Documents\GitHub\Demos\2d_engine\source\tmap\source\src\Tile_map.hpp(22): warning C4099: 'Tile': type name first seen using 'struct' now seen using 'class'
  c:\users\mateu\documents\github\demos\2d_engine\source\tmap\source\src\Tile.hpp(5): note: see declaration of 'Tile'
  Generating Code...
  phy_2d.vcxproj -> C:\Users\mateu\Documents\GitHub\Demos\2d_engine\build\phy_2d\source\phy_2d.dir\Debug\phy_2d.lib
