c:\users\mateu\documents\github\demos\2d_game\build\game.dir\debug\vc140.pdb
c:\users\mateu\documents\github\demos\2d_game\build\game.dir\debug\game_coll_listener.obj
c:\users\mateu\documents\github\demos\2d_game\build\game.dir\debug\player_climbing_state.obj
c:\users\mateu\documents\github\demos\2d_game\build\game.dir\debug\player_jumping_state.obj
c:\users\mateu\documents\github\demos\2d_game\build\game.dir\debug\player_running_state.obj
c:\users\mateu\documents\github\demos\2d_game\build\game.dir\debug\player_ducking_state.obj
c:\users\mateu\documents\github\demos\2d_game\build\game.dir\debug\player_idle_state.obj
c:\users\mateu\documents\github\demos\2d_game\build\game.dir\debug\player.obj
c:\users\mateu\documents\github\demos\2d_game\build\game.dir\debug\game.obj
c:\users\mateu\documents\github\demos\2d_game\build\cmakefiles\generate.stamp
c:\users\mateu\documents\github\demos\2d_game\build\debug\game.pdb
c:\users\mateu\documents\github\demos\2d_game\build\game.dir\debug\game.tlog\cl.command.1.tlog
c:\users\mateu\documents\github\demos\2d_game\build\game.dir\debug\game.tlog\cl.read.1.tlog
c:\users\mateu\documents\github\demos\2d_game\build\game.dir\debug\game.tlog\cl.write.1.tlog
c:\users\mateu\documents\github\demos\2d_game\build\game.dir\debug\game.tlog\custombuild.command.1.tlog
c:\users\mateu\documents\github\demos\2d_game\build\game.dir\debug\game.tlog\custombuild.read.1.tlog
c:\users\mateu\documents\github\demos\2d_game\build\game.dir\debug\game.tlog\custombuild.write.1.tlog
c:\users\mateu\documents\github\demos\2d_game\build\game.dir\debug\game.tlog\link-cvtres.read.1.tlog
c:\users\mateu\documents\github\demos\2d_game\build\game.dir\debug\game.tlog\link-cvtres.write.1.tlog
c:\users\mateu\documents\github\demos\2d_game\build\game.dir\debug\game.tlog\link-rc.read.1.tlog
c:\users\mateu\documents\github\demos\2d_game\build\game.dir\debug\game.tlog\link-rc.write.1.tlog
c:\users\mateu\documents\github\demos\2d_game\build\game.dir\debug\game.tlog\link.command.1.tlog
c:\users\mateu\documents\github\demos\2d_game\build\game.dir\debug\game.tlog\link.read.1.tlog
c:\users\mateu\documents\github\demos\2d_game\build\game.dir\debug\game.tlog\link.write.1.tlog
