  Building Custom Rule C:/Users/mateu/Documents/GitHub/Demos/2d_engine/source/tgs/source/CMakeLists.txt
  CMake does not need to re-run because C:\Users\mateu\Documents\GitHub\Demos\2d_engine\build\tgs\source\CMakeFiles\generate.stamp is up-to-date.
  Shader.cpp
  Texture_2d.cpp
  Sprite_atlas.cpp
c:\users\mateu\documents\github\demos\2d_engine\source\tgs\source\src\Sprite_atlas.hpp(19): warning C4244: 'return': conversion from 'const float' to 'unsigned int', possible loss of data
C:\Users\mateu\Documents\GitHub\Demos\2d_engine\source\tgs\source\src\Sprite_atlas.cpp(56): warning C4244: '=': conversion from 'int' to 'float', possible loss of data
C:\Users\mateu\Documents\GitHub\Demos\2d_engine\source\tgs\source\src\Sprite_atlas.cpp(59): warning C4244: '=': conversion from 'int' to 'float', possible loss of data
C:\Users\mateu\Documents\GitHub\Demos\2d_engine\source\tgs\source\src\Sprite_atlas.cpp(66): warning C4244: '=': conversion from 'int' to 'float', possible loss of data
C:\Users\mateu\Documents\GitHub\Demos\2d_engine\source\tgs\source\src\Sprite_atlas.cpp(68): warning C4244: '=': conversion from 'int' to 'float', possible loss of data
C:\Users\mateu\Documents\GitHub\Demos\2d_engine\source\tgs\source\src\Sprite_atlas.cpp(70): warning C4244: '=': conversion from 'int' to 'float', possible loss of data
C:\Users\mateu\Documents\GitHub\Demos\2d_engine\source\tgs\source\src\Sprite_atlas.cpp(72): warning C4244: '=': conversion from 'int' to 'float', possible loss of data
  Sprite_atlas_manager.cpp
c:\users\mateu\documents\github\demos\2d_engine\source\tgs\source\src\Sprite_atlas.hpp(19): warning C4244: 'return': conversion from 'const float' to 'unsigned int', possible loss of data
  Sprite.cpp
c:\users\mateu\documents\github\demos\2d_engine\source\tgs\source\src\Sprite_atlas.hpp(19): warning C4244: 'return': conversion from 'const float' to 'unsigned int', possible loss of data
c:\users\mateu\documents\github\demos\2d_engine\source\tgs\source\src\Sprite.hpp(24): warning C4244: 'return': conversion from 'const float' to 'unsigned int', possible loss of data
  Animation_player.cpp
C:\Users\mateu\Documents\GitHub\Demos\2d_engine\source\tgs\source\src\Animation_player.cpp(46): warning C4018: '>=': signed/unsigned mismatch
  Animator_controller.cpp
  Animation_state.cpp
  Int_condition.cpp
  Transition.cpp
  Sprite_batch.cpp
c:\users\mateu\documents\github\demos\2d_engine\source\tgs\source\src\Sprite_atlas.hpp(19): warning C4244: 'return': conversion from 'const float' to 'unsigned int', possible loss of data
c:\users\mateu\documents\github\demos\2d_engine\source\tgs\source\src\Sprite.hpp(24): warning C4244: 'return': conversion from 'const float' to 'unsigned int', possible loss of data
C:\Users\mateu\Documents\GitHub\Demos\2d_engine\source\tgs\source\src\Sprite_batch.cpp(89): warning C4018: '<': signed/unsigned mismatch
  Camera_2d.cpp
  Generating Code...
c:\users\mateu\documents\github\demos\2d_engine\source\tgs\source\src\animator_controller.cpp(221): warning C4715: 'Animator_controller::get_current_anim': not all control paths return a value
c:\users\mateu\documents\github\demos\2d_engine\source\tgs\source\src\animator_controller.cpp(205): warning C4715: 'Animator_controller::get_current_frame': not all control paths return a value
c:\users\mateu\documents\github\demos\2d_engine\source\tgs\source\src\animator_controller.cpp(213): warning C4715: 'Animator_controller::get_current_state': not all control paths return a value
c:\users\mateu\documents\github\demos\2d_engine\source\tgs\source\src\sprite_atlas_manager.cpp(20): warning C4715: 'tgs::Sprite_atlas_manager::load_atlas': not all control paths return a value
  tgs.vcxproj -> C:\Users\mateu\Documents\GitHub\Demos\2d_engine\build\tgs\source\tgs.dir\Release\tgs.lib
