c:\users\mateu\documents\github\demos\2d_platformer\build\2d_game.dir\debug\vc140.pdb
c:\users\mateu\documents\github\demos\2d_platformer\build\2d_game.dir\debug\world.obj
c:\users\mateu\documents\github\demos\2d_platformer\build\2d_game.dir\debug\body_2d.obj
c:\users\mateu\documents\github\demos\2d_platformer\build\2d_game.dir\debug\game_coll_listener.obj
c:\users\mateu\documents\github\demos\2d_platformer\build\2d_game.dir\debug\player_running_state.obj
c:\users\mateu\documents\github\demos\2d_platformer\build\2d_game.dir\debug\player_idle_state.obj
c:\users\mateu\documents\github\demos\2d_platformer\build\2d_game.dir\debug\animator_controller.obj
c:\users\mateu\documents\github\demos\2d_platformer\build\2d_game.dir\debug\animation_state.obj
c:\users\mateu\documents\github\demos\2d_platformer\build\2d_game.dir\debug\transition.obj
c:\users\mateu\documents\github\demos\2d_platformer\build\2d_game.dir\debug\int_condition.obj
c:\users\mateu\documents\github\demos\2d_platformer\build\2d_game.dir\debug\animation_player.obj
c:\users\mateu\documents\github\demos\2d_platformer\build\2d_game.dir\debug\sprite_atlas_manager.obj
c:\users\mateu\documents\github\demos\2d_platformer\build\2d_game.dir\debug\sprite_atlas.obj
c:\users\mateu\documents\github\demos\2d_platformer\build\2d_game.dir\debug\texture_2d_manager.obj
c:\users\mateu\documents\github\demos\2d_platformer\build\2d_game.dir\debug\texture_2d.obj
c:\users\mateu\documents\github\demos\2d_platformer\build\2d_game.dir\debug\actor.obj
c:\users\mateu\documents\github\demos\2d_platformer\build\2d_game.dir\debug\sprite.obj
c:\users\mateu\documents\github\demos\2d_platformer\build\2d_game.dir\debug\tile_map_renderer.obj
c:\users\mateu\documents\github\demos\2d_platformer\build\2d_game.dir\debug\tile_map.obj
c:\users\mateu\documents\github\demos\2d_platformer\build\2d_game.dir\debug\tileset.obj
c:\users\mateu\documents\github\demos\2d_platformer\build\2d_game.dir\debug\shader.obj
c:\users\mateu\documents\github\demos\2d_platformer\build\2d_game.dir\debug\game.obj
c:\users\mateu\documents\github\demos\2d_platformer\build\2d_game.dir\debug\tmx_parser.obj
c:\users\mateu\documents\github\demos\2d_platformer\build\2d_game.dir\debug\player.obj
c:\users\mateu\documents\github\demos\2d_platformer\build\2d_game.dir\debug\input_handler.obj
c:\users\mateu\documents\github\demos\2d_platformer\build\2d_game.dir\debug\button.obj
c:\users\mateu\documents\github\demos\2d_platformer\build\2d_game.dir\debug\sprite_batch.obj
c:\users\mateu\documents\github\demos\2d_platformer\build\2d_game.dir\debug\timer.obj
c:\users\mateu\documents\github\demos\2d_platformer\build\cmakefiles\generate.stamp
c:\users\mateu\documents\github\demos\2d_platformer\build\debug\2d_game.ilk
c:\users\mateu\documents\github\demos\2d_platformer\build\debug\2d_game.exe
c:\users\mateu\documents\github\demos\2d_platformer\build\debug\2d_game.pdb
c:\users\mateu\documents\github\demos\2d_platformer\build\2d_game.dir\debug\2d_game.tlog\cl.command.1.tlog
c:\users\mateu\documents\github\demos\2d_platformer\build\2d_game.dir\debug\2d_game.tlog\cl.read.1.tlog
c:\users\mateu\documents\github\demos\2d_platformer\build\2d_game.dir\debug\2d_game.tlog\cl.write.1.tlog
c:\users\mateu\documents\github\demos\2d_platformer\build\2d_game.dir\debug\2d_game.tlog\custombuild.command.1.tlog
c:\users\mateu\documents\github\demos\2d_platformer\build\2d_game.dir\debug\2d_game.tlog\custombuild.read.1.tlog
c:\users\mateu\documents\github\demos\2d_platformer\build\2d_game.dir\debug\2d_game.tlog\custombuild.write.1.tlog
c:\users\mateu\documents\github\demos\2d_platformer\build\2d_game.dir\debug\2d_game.tlog\link.command.1.tlog
c:\users\mateu\documents\github\demos\2d_platformer\build\2d_game.dir\debug\2d_game.tlog\link.read.1.tlog
c:\users\mateu\documents\github\demos\2d_platformer\build\2d_game.dir\debug\2d_game.tlog\link.write.1.tlog
