c:\users\mateus\documents\github\demos\2d_engine\build\gfx\source\gfx.dir\debug\gfx.pdb
c:\users\mateus\documents\github\demos\2d_engine\build\gfx\source\gfx.dir\debug\camera_2d.obj
c:\users\mateus\documents\github\demos\2d_engine\build\gfx\source\gfx.dir\debug\graphics_manager.obj
c:\users\mateus\documents\github\demos\2d_engine\build\gfx\source\gfx.dir\debug\sprite_batch.obj
c:\users\mateus\documents\github\demos\2d_engine\build\gfx\source\gfx.dir\debug\animator_state_transition.obj
c:\users\mateus\documents\github\demos\2d_engine\build\gfx\source\gfx.dir\debug\animator_state.obj
c:\users\mateus\documents\github\demos\2d_engine\build\gfx\source\gfx.dir\debug\animator_controller.obj
c:\users\mateus\documents\github\demos\2d_engine\build\gfx\source\gfx.dir\debug\animator_controller_parameter.obj
c:\users\mateus\documents\github\demos\2d_engine\build\gfx\source\gfx.dir\debug\animation_player.obj
c:\users\mateus\documents\github\demos\2d_engine\build\gfx\source\gfx.dir\debug\sprite_atlas_manager.obj
c:\users\mateus\documents\github\demos\2d_engine\build\gfx\source\gfx.dir\debug\sprite.obj
c:\users\mateus\documents\github\demos\2d_engine\build\gfx\source\gfx.dir\debug\sprite_atlas.obj
c:\users\mateus\documents\github\demos\2d_engine\build\gfx\source\gfx.dir\debug\texture_2d_manager.obj
c:\users\mateus\documents\github\demos\2d_engine\build\gfx\source\gfx.dir\debug\texture_2d.obj
c:\users\mateus\documents\github\demos\2d_engine\build\gfx\source\gfx.dir\debug\shader_manager.obj
c:\users\mateus\documents\github\demos\2d_engine\build\gfx\source\gfx.dir\debug\shader.obj
c:\users\mateus\documents\github\demos\2d_engine\build\gfx\source\cmakefiles\generate.stamp
c:\users\mateus\documents\github\demos\2d_engine\build\gfx\source\gfx.dir\debug\gfx.lib
c:\users\mateus\documents\github\demos\2d_engine\build\gfx\source\gfx.dir\debug\gfx.tlog\cl.command.1.tlog
c:\users\mateus\documents\github\demos\2d_engine\build\gfx\source\gfx.dir\debug\gfx.tlog\cl.read.1.tlog
c:\users\mateus\documents\github\demos\2d_engine\build\gfx\source\gfx.dir\debug\gfx.tlog\cl.write.1.tlog
c:\users\mateus\documents\github\demos\2d_engine\build\gfx\source\gfx.dir\debug\gfx.tlog\custombuild.command.1.tlog
c:\users\mateus\documents\github\demos\2d_engine\build\gfx\source\gfx.dir\debug\gfx.tlog\custombuild.read.1.tlog
c:\users\mateus\documents\github\demos\2d_engine\build\gfx\source\gfx.dir\debug\gfx.tlog\custombuild.write.1.tlog
c:\users\mateus\documents\github\demos\2d_engine\build\gfx\source\gfx.dir\debug\gfx.tlog\lib-link.read.1.tlog
c:\users\mateus\documents\github\demos\2d_engine\build\gfx\source\gfx.dir\debug\gfx.tlog\lib-link.write.1.tlog
c:\users\mateus\documents\github\demos\2d_engine\build\gfx\source\gfx.dir\debug\gfx.tlog\lib.command.1.tlog
