c:\users\mateus\documents\github\demos\2d_game\build\game.dir\release\game.obj
c:\users\mateus\documents\github\demos\2d_game\build\game.dir\release\game_coll_listener.obj
c:\users\mateus\documents\github\demos\2d_game\build\game.dir\release\player_climbing_state.obj
c:\users\mateus\documents\github\demos\2d_game\build\game.dir\release\player_jumping_state.obj
c:\users\mateus\documents\github\demos\2d_game\build\game.dir\release\player_running_state.obj
c:\users\mateus\documents\github\demos\2d_game\build\game.dir\release\player_ducking_state.obj
c:\users\mateus\documents\github\demos\2d_game\build\game.dir\release\player_idle_state.obj
c:\users\mateus\documents\github\demos\2d_game\build\game.dir\release\player_creator.obj
c:\users\mateus\documents\github\demos\2d_game\build\game.dir\release\player.obj
c:\users\mateus\documents\github\demos\2d_game\build\cmakefiles\generate.stamp
c:\users\mateus\documents\github\demos\2d_game\build\release\game.exe
c:\users\mateus\documents\github\demos\2d_game\build\game.dir\release\game.tlog\cl.command.1.tlog
c:\users\mateus\documents\github\demos\2d_game\build\game.dir\release\game.tlog\cl.read.1.tlog
c:\users\mateus\documents\github\demos\2d_game\build\game.dir\release\game.tlog\cl.write.1.tlog
c:\users\mateus\documents\github\demos\2d_game\build\game.dir\release\game.tlog\custombuild.command.1.tlog
c:\users\mateus\documents\github\demos\2d_game\build\game.dir\release\game.tlog\custombuild.read.1.tlog
c:\users\mateus\documents\github\demos\2d_game\build\game.dir\release\game.tlog\custombuild.write.1.tlog
c:\users\mateus\documents\github\demos\2d_game\build\game.dir\release\game.tlog\link.command.1.tlog
c:\users\mateus\documents\github\demos\2d_game\build\game.dir\release\game.tlog\link.read.1.tlog
c:\users\mateus\documents\github\demos\2d_game\build\game.dir\release\game.tlog\link.write.1.tlog
