c:\users\mateu\documents\github\demos\2d_engine\build\tgs\source\tgs.dir\debug\tgs.pdb
c:\users\mateu\documents\github\demos\2d_engine\build\tgs\source\tgs.dir\debug\camera_2d.obj
c:\users\mateu\documents\github\demos\2d_engine\build\tgs\source\tgs.dir\debug\sprite_batch.obj
c:\users\mateu\documents\github\demos\2d_engine\build\tgs\source\tgs.dir\debug\transition.obj
c:\users\mateu\documents\github\demos\2d_engine\build\tgs\source\tgs.dir\debug\int_condition.obj
c:\users\mateu\documents\github\demos\2d_engine\build\tgs\source\tgs.dir\debug\animation_state.obj
c:\users\mateu\documents\github\demos\2d_engine\build\tgs\source\tgs.dir\debug\animator_controller.obj
c:\users\mateu\documents\github\demos\2d_engine\build\tgs\source\tgs.dir\debug\animation_player.obj
c:\users\mateu\documents\github\demos\2d_engine\build\tgs\source\tgs.dir\debug\sprite.obj
c:\users\mateu\documents\github\demos\2d_engine\build\tgs\source\tgs.dir\debug\sprite_atlas_manager.obj
c:\users\mateu\documents\github\demos\2d_engine\build\tgs\source\tgs.dir\debug\sprite_atlas.obj
c:\users\mateu\documents\github\demos\2d_engine\build\tgs\source\tgs.dir\debug\texture_2d.obj
c:\users\mateu\documents\github\demos\2d_engine\build\tgs\source\tgs.dir\debug\shader.obj
c:\users\mateu\documents\github\demos\2d_engine\build\tgs\source\cmakefiles\generate.stamp
c:\users\mateu\documents\github\demos\2d_engine\build\tgs\source\tgs.dir\debug\tgs.lib
c:\users\mateu\documents\github\demos\2d_engine\build\tgs\source\tgs.dir\debug\tgs.tlog\cl.command.1.tlog
c:\users\mateu\documents\github\demos\2d_engine\build\tgs\source\tgs.dir\debug\tgs.tlog\cl.read.1.tlog
c:\users\mateu\documents\github\demos\2d_engine\build\tgs\source\tgs.dir\debug\tgs.tlog\cl.write.1.tlog
c:\users\mateu\documents\github\demos\2d_engine\build\tgs\source\tgs.dir\debug\tgs.tlog\custombuild.command.1.tlog
c:\users\mateu\documents\github\demos\2d_engine\build\tgs\source\tgs.dir\debug\tgs.tlog\custombuild.read.1.tlog
c:\users\mateu\documents\github\demos\2d_engine\build\tgs\source\tgs.dir\debug\tgs.tlog\custombuild.write.1.tlog
c:\users\mateu\documents\github\demos\2d_engine\build\tgs\source\tgs.dir\debug\tgs.tlog\lib-link.read.1.tlog
c:\users\mateu\documents\github\demos\2d_engine\build\tgs\source\tgs.dir\debug\tgs.tlog\lib-link.write.1.tlog
c:\users\mateu\documents\github\demos\2d_engine\build\tgs\source\tgs.dir\debug\tgs.tlog\lib.command.1.tlog
