  Building Custom Rule C:/Users/Mateus/Documents/GitHub/Demos/2d_engine/source/phy_2d/source/CMakeLists.txt
  CMake does not need to re-run because C:/Users/Mateus/Documents/GitHub/Demos/2d_engine/build/phy_2d/source/CMakeFiles/generate.stamp is up-to-date.
  Body_2d.cpp
  World.cpp
c:\users\mateus\documents\github\demos\2d_engine\source\tmap\source\src\tileset.hpp(38): warning C4018: '>=': signed/unsigned mismatch
c:\users\mateus\documents\github\demos\2d_engine\source\tmap\source\src\tileset.hpp(38): warning C4018: '<=': signed/unsigned mismatch
c:\users\mateus\documents\github\demos\2d_engine\source\phy_2d\source\src\world.cpp(101): warning C4244: 'initializing': conversion from 'float' to 'int', possible loss of data
c:\users\mateus\documents\github\demos\2d_engine\source\phy_2d\source\src\world.cpp(102): warning C4244: 'initializing': conversion from 'float' to 'int', possible loss of data
c:\users\mateus\documents\github\demos\2d_engine\source\phy_2d\source\src\world.cpp(145): warning C4244: 'argument': conversion from 'float' to 'const int', possible loss of data
c:\users\mateus\documents\github\demos\2d_engine\source\phy_2d\source\src\world.cpp(169): warning C4244: 'initializing': conversion from 'float' to 'int', possible loss of data
c:\users\mateus\documents\github\demos\2d_engine\source\phy_2d\source\src\world.cpp(170): warning C4244: 'argument': conversion from 'float' to 'const int', possible loss of data
c:\users\mateus\documents\github\demos\2d_engine\source\phy_2d\source\src\world.cpp(173): warning C4244: 'argument': conversion from 'float' to 'const unsigned int', possible loss of data
c:\users\mateus\documents\github\demos\2d_engine\source\phy_2d\source\src\world.cpp(199): warning C4244: 'argument': conversion from 'float' to 'const int', possible loss of data
c:\users\mateus\documents\github\demos\2d_engine\source\phy_2d\source\src\world.cpp(242): warning C4244: 'initializing': conversion from 'float' to 'unsigned int', possible loss of data
c:\users\mateus\documents\github\demos\2d_engine\source\phy_2d\source\src\world.cpp(255): warning C4244: 'argument': conversion from 'float' to 'const int', possible loss of data
c:\users\mateus\documents\github\demos\2d_engine\source\phy_2d\source\src\world.cpp(261): warning C4244: '=': conversion from 'float' to 'unsigned int', possible loss of data
c:\users\mateus\documents\github\demos\2d_engine\source\phy_2d\source\src\world.cpp(262): warning C4244: '=': conversion from 'float' to 'unsigned int', possible loss of data
c:\users\mateus\documents\github\demos\2d_engine\source\phy_2d\source\src\world.cpp(290): warning C4244: 'argument': conversion from 'float' to 'const int', possible loss of data
c:\users\mateus\documents\github\demos\2d_engine\source\phy_2d\source\src\world.cpp(291): warning C4244: 'argument': conversion from 'float' to 'const int', possible loss of data
c:\users\mateus\documents\github\demos\2d_engine\source\phy_2d\source\src\world.cpp(338): warning C4244: 'initializing': conversion from 'float' to 'unsigned int', possible loss of data
c:\users\mateus\documents\github\demos\2d_engine\source\phy_2d\source\src\world.cpp(345): warning C4244: 'argument': conversion from 'float' to 'const int', possible loss of data
c:\users\mateus\documents\github\demos\2d_engine\source\phy_2d\source\src\world.cpp(350): warning C4244: '=': conversion from 'float' to 'unsigned int', possible loss of data
c:\users\mateus\documents\github\demos\2d_engine\source\phy_2d\source\src\world.cpp(351): warning C4244: '=': conversion from 'float' to 'unsigned int', possible loss of data
c:\users\mateus\documents\github\demos\2d_engine\source\phy_2d\source\src\world.cpp(380): warning C4244: 'argument': conversion from 'float' to 'const int', possible loss of data
c:\users\mateus\documents\github\demos\2d_engine\source\phy_2d\source\src\world.cpp(381): warning C4244: 'argument': conversion from 'float' to 'const int', possible loss of data
c:\users\mateus\documents\github\demos\2d_engine\source\phy_2d\source\src\world.cpp(427): warning C4244: 'initializing': conversion from 'float' to 'unsigned int', possible loss of data
c:\users\mateus\documents\github\demos\2d_engine\source\phy_2d\source\src\world.cpp(434): warning C4244: 'argument': conversion from 'float' to 'const int', possible loss of data
c:\users\mateus\documents\github\demos\2d_engine\source\phy_2d\source\src\world.cpp(439): warning C4244: '=': conversion from 'float' to 'unsigned int', possible loss of data
c:\users\mateus\documents\github\demos\2d_engine\source\phy_2d\source\src\world.cpp(440): warning C4244: '=': conversion from 'float' to 'unsigned int', possible loss of data
c:\users\mateus\documents\github\demos\2d_engine\source\phy_2d\source\src\world.cpp(505): warning C4244: 'initializing': conversion from 'float' to 'unsigned int', possible loss of data
c:\users\mateus\documents\github\demos\2d_engine\source\phy_2d\source\src\world.cpp(510): warning C4244: 'initializing': conversion from 'float' to 'unsigned int', possible loss of data
c:\users\mateus\documents\github\demos\2d_engine\source\phy_2d\source\src\world.cpp(512): warning C4244: 'initializing': conversion from 'float' to 'unsigned int', possible loss of data
  Physics_manager.cpp
c:\users\mateus\documents\github\demos\2d_engine\source\tmap\source\src\tileset.hpp(38): warning C4018: '>=': signed/unsigned mismatch
c:\users\mateus\documents\github\demos\2d_engine\source\tmap\source\src\tileset.hpp(38): warning C4018: '<=': signed/unsigned mismatch
  Generating Code...
  phy_2d.vcxproj -> C:\Users\Mateus\Documents\GitHub\Demos\2d_engine\build\phy_2d\source\phy_2d.dir\Release\phy_2d.lib
